[2022-04-11 20:34:54Z INFO HostContext] No proxy settings were found based on environmental variables (http_proxy/https_proxy/HTTP_PROXY/HTTPS_PROXY)
[2022-04-11 20:34:54Z INFO HostContext] Well known directory 'Bin': '/Users/Gertjan/Projects/openapi/ChartChampions/trade-dashboard/actions-runner/bin'
[2022-04-11 20:34:54Z INFO HostContext] Well known directory 'Root': '/Users/Gertjan/Projects/openapi/ChartChampions/trade-dashboard/actions-runner'
[2022-04-11 20:34:54Z INFO HostContext] Well known config file 'Credentials': '/Users/Gertjan/Projects/openapi/ChartChampions/trade-dashboard/actions-runner/.credentials'
[2022-04-11 20:34:54Z INFO HostContext] Well known directory 'Bin': '/Users/Gertjan/Projects/openapi/ChartChampions/trade-dashboard/actions-runner/bin'
[2022-04-11 20:34:54Z INFO HostContext] Well known directory 'Root': '/Users/Gertjan/Projects/openapi/ChartChampions/trade-dashboard/actions-runner'
[2022-04-11 20:34:54Z INFO HostContext] Well known config file 'Runner': '/Users/Gertjan/Projects/openapi/ChartChampions/trade-dashboard/actions-runner/.runner'
[2022-04-11 20:34:54Z INFO Listener] Runner is built for OSX (X64) - osx-x64.
[2022-04-11 20:34:54Z INFO Listener] RuntimeInformation: Darwin 21.4.0 Darwin Kernel Version 21.4.0: Mon Feb 21 20:34:37 PST 2022; root:xnu-8020.101.4~2/RELEASE_X86_64.
[2022-04-11 20:34:54Z INFO Listener] Version: 2.289.2
[2022-04-11 20:34:54Z INFO Listener] Commit: 529e404063bef464e93475d93affe93f97080dd1
[2022-04-11 20:34:54Z INFO Listener] Culture: en-GB
[2022-04-11 20:34:54Z INFO Listener] UI Culture: en-GB
[2022-04-11 20:34:54Z INFO HostContext] Well known directory 'Bin': '/Users/Gertjan/Projects/openapi/ChartChampions/trade-dashboard/actions-runner/bin'
[2022-04-11 20:34:54Z INFO HostContext] Well known directory 'Root': '/Users/Gertjan/Projects/openapi/ChartChampions/trade-dashboard/actions-runner'
[2022-04-11 20:34:54Z INFO Listener] Validating directory permissions for: '/Users/Gertjan/Projects/openapi/ChartChampions/trade-dashboard/actions-runner'
[2022-04-11 20:34:54Z INFO CommandLineParser] Parse
[2022-04-11 20:34:54Z INFO CommandLineParser] Parsing 5 args
[2022-04-11 20:34:54Z INFO CommandLineParser] parsing argument
[2022-04-11 20:34:54Z INFO CommandLineParser] HasArgs: False
[2022-04-11 20:34:54Z INFO CommandLineParser] Adding Command: configure
[2022-04-11 20:34:54Z INFO CommandLineParser] parsing argument
[2022-04-11 20:34:54Z INFO CommandLineParser] HasArgs: True
[2022-04-11 20:34:54Z INFO CommandLineParser] arg: url
[2022-04-11 20:34:54Z INFO CommandLineParser] parsing argument
[2022-04-11 20:34:54Z INFO CommandLineParser] HasArgs: True
[2022-04-11 20:34:54Z INFO CommandLineParser] Adding option 'url': 'https://github.com/Tom1dot618/trade-dashboard'
[2022-04-11 20:34:54Z INFO CommandLineParser] parsing argument
[2022-04-11 20:34:54Z INFO CommandLineParser] HasArgs: True
[2022-04-11 20:34:54Z INFO CommandLineParser] arg: token
[2022-04-11 20:34:54Z INFO CommandLineParser] parsing argument
[2022-04-11 20:34:54Z INFO CommandLineParser] HasArgs: True
[2022-04-11 20:34:54Z INFO CommandLineParser] Adding option 'token': '***'
[2022-04-11 20:34:54Z INFO Listener] Arguments parsed
[2022-04-11 20:34:54Z INFO Runner] ExecuteCommand
[2022-04-11 20:34:54Z INFO ConfigurationStore] currentAssemblyLocation: /Users/Gertjan/Projects/openapi/ChartChampions/trade-dashboard/actions-runner/bin/Runner.Listener.dll
[2022-04-11 20:34:54Z INFO HostContext] Well known directory 'Bin': '/Users/Gertjan/Projects/openapi/ChartChampions/trade-dashboard/actions-runner/bin'
[2022-04-11 20:34:54Z INFO ConfigurationStore] binPath: /Users/Gertjan/Projects/openapi/ChartChampions/trade-dashboard/actions-runner/bin
[2022-04-11 20:34:54Z INFO HostContext] Well known directory 'Bin': '/Users/Gertjan/Projects/openapi/ChartChampions/trade-dashboard/actions-runner/bin'
[2022-04-11 20:34:54Z INFO HostContext] Well known directory 'Root': '/Users/Gertjan/Projects/openapi/ChartChampions/trade-dashboard/actions-runner'
[2022-04-11 20:34:54Z INFO ConfigurationStore] RootFolder: /Users/Gertjan/Projects/openapi/ChartChampions/trade-dashboard/actions-runner
[2022-04-11 20:34:54Z INFO HostContext] Well known directory 'Bin': '/Users/Gertjan/Projects/openapi/ChartChampions/trade-dashboard/actions-runner/bin'
[2022-04-11 20:34:54Z INFO HostContext] Well known directory 'Root': '/Users/Gertjan/Projects/openapi/ChartChampions/trade-dashboard/actions-runner'
[2022-04-11 20:34:54Z INFO HostContext] Well known config file 'Runner': '/Users/Gertjan/Projects/openapi/ChartChampions/trade-dashboard/actions-runner/.runner'
[2022-04-11 20:34:54Z INFO ConfigurationStore] ConfigFilePath: /Users/Gertjan/Projects/openapi/ChartChampions/trade-dashboard/actions-runner/.runner
[2022-04-11 20:34:54Z INFO HostContext] Well known directory 'Bin': '/Users/Gertjan/Projects/openapi/ChartChampions/trade-dashboard/actions-runner/bin'
[2022-04-11 20:34:54Z INFO HostContext] Well known directory 'Root': '/Users/Gertjan/Projects/openapi/ChartChampions/trade-dashboard/actions-runner'
[2022-04-11 20:34:54Z INFO HostContext] Well known config file 'Credentials': '/Users/Gertjan/Projects/openapi/ChartChampions/trade-dashboard/actions-runner/.credentials'
[2022-04-11 20:34:54Z INFO ConfigurationStore] CredFilePath: /Users/Gertjan/Projects/openapi/ChartChampions/trade-dashboard/actions-runner/.credentials
[2022-04-11 20:34:54Z INFO HostContext] Well known directory 'Bin': '/Users/Gertjan/Projects/openapi/ChartChampions/trade-dashboard/actions-runner/bin'
[2022-04-11 20:34:54Z INFO HostContext] Well known directory 'Root': '/Users/Gertjan/Projects/openapi/ChartChampions/trade-dashboard/actions-runner'
[2022-04-11 20:34:54Z INFO HostContext] Well known config file 'MigratedCredentials': '/Users/Gertjan/Projects/openapi/ChartChampions/trade-dashboard/actions-runner/.credentials_migrated'
[2022-04-11 20:34:54Z INFO ConfigurationStore] MigratedCredFilePath: /Users/Gertjan/Projects/openapi/ChartChampions/trade-dashboard/actions-runner/.credentials_migrated
[2022-04-11 20:34:54Z INFO HostContext] Well known directory 'Bin': '/Users/Gertjan/Projects/openapi/ChartChampions/trade-dashboard/actions-runner/bin'
[2022-04-11 20:34:54Z INFO HostContext] Well known directory 'Root': '/Users/Gertjan/Projects/openapi/ChartChampions/trade-dashboard/actions-runner'
[2022-04-11 20:34:54Z INFO HostContext] Well known config file 'Service': '/Users/Gertjan/Projects/openapi/ChartChampions/trade-dashboard/actions-runner/.service'
[2022-04-11 20:34:54Z INFO ConfigurationStore] ServiceConfigFilePath: /Users/Gertjan/Projects/openapi/ChartChampions/trade-dashboard/actions-runner/.service
[2022-04-11 20:34:54Z INFO CommandSettings] Flag 'help': 'False'
[2022-04-11 20:34:54Z INFO CommandSettings] Flag 'version': 'False'
[2022-04-11 20:34:54Z INFO CommandSettings] Flag 'commit': 'False'
[2022-04-11 20:34:54Z INFO CommandSettings] Flag 'check': 'False'
[2022-04-11 20:34:54Z INFO CommandSettings] Command 'configure': 'True'
[2022-04-11 20:34:54Z INFO Terminal] WRITE LINE: 
[2022-04-11 20:34:54Z INFO Terminal] WRITE LINE: --------------------------------------------------------------------------------
[2022-04-11 20:34:54Z INFO Terminal] WRITE LINE: |        ____ _ _   _   _       _          _        _   _                      |
[2022-04-11 20:34:54Z INFO Terminal] WRITE LINE: |       / ___(_) |_| | | |_   _| |__      / \   ___| |_(_) ___  _ __  ___      |
[2022-04-11 20:34:54Z INFO Terminal] WRITE LINE: |      | |  _| | __| |_| | | | | '_ \    / _ \ / __| __| |/ _ \| '_ \/ __|     |
[2022-04-11 20:34:54Z INFO Terminal] WRITE LINE: |      | |_| | | |_|  _  | |_| | |_) |  / ___ \ (__| |_| | (_) | | | \__ \     |
[2022-04-11 20:34:54Z INFO Terminal] WRITE LINE: |       \____|_|\__|_| |_|\__,_|_.__/  /_/   \_\___|\__|_|\___/|_| |_|___/     |
[2022-04-11 20:34:54Z INFO Terminal] WRITE LINE: |                                                                              |
[2022-04-11 20:34:54Z INFO Terminal] WRITE: |                       
[2022-04-11 20:34:54Z INFO Terminal] WRITE: Self-hosted runner registration
[2022-04-11 20:34:54Z INFO Terminal] WRITE LINE:                         |
[2022-04-11 20:34:54Z INFO Terminal] WRITE LINE: |                                                                              |
[2022-04-11 20:34:54Z INFO Terminal] WRITE LINE: --------------------------------------------------------------------------------
[2022-04-11 20:34:54Z INFO ConfigurationManager] ConfigureAsync
[2022-04-11 20:34:54Z INFO ConfigurationStore] IsConfigured()
[2022-04-11 20:34:54Z INFO ConfigurationStore] IsConfigured: False
[2022-04-11 20:34:54Z INFO ConfigurationManager] Is configured: False
[2022-04-11 20:34:54Z INFO CommandSettings] Arg 'url': 'https://github.com/Tom1dot618/trade-dashboard'
[2022-04-11 20:34:54Z INFO CommandSettings] Remove url from Arg dictionary.
[2022-04-11 20:34:54Z INFO CommandSettings] Arg 'token': '***'
[2022-04-11 20:34:54Z INFO CommandSettings] Remove token from Arg dictionary.
[2022-04-11 20:34:55Z INFO ConfigurationManager] Http response code: OK from 'POST https://api.github.com/actions/runner-registration'
[2022-04-11 20:34:55Z INFO ConfigurationManager] cred retrieved via GitHub auth
[2022-04-11 20:34:55Z INFO RunnerServer] Establish connection with 100 seconds timeout.
[2022-04-11 20:34:55Z INFO GitHubActionsService] Starting operation Location.GetConnectionData
[2022-04-11 20:34:55Z INFO RunnerServer] Establish connection with 60 seconds timeout.
[2022-04-11 20:34:55Z INFO GitHubActionsService] Starting operation Location.GetConnectionData
[2022-04-11 20:34:55Z INFO RunnerServer] Establish connection with 60 seconds timeout.
[2022-04-11 20:34:55Z INFO GitHubActionsService] Starting operation Location.GetConnectionData
[2022-04-11 20:34:56Z INFO GitHubActionsService] Finished operation Location.GetConnectionData
[2022-04-11 20:34:56Z INFO GitHubActionsService] Finished operation Location.GetConnectionData
[2022-04-11 20:34:56Z INFO GitHubActionsService] Finished operation Location.GetConnectionData
[2022-04-11 20:34:56Z INFO Terminal] WRITE LINE: 
[2022-04-11 20:34:56Z INFO ConfigurationManager] Test Connection complete.
[2022-04-11 20:34:56Z INFO HostContext] Well known directory 'Bin': '/Users/Gertjan/Projects/openapi/ChartChampions/trade-dashboard/actions-runner/bin'
[2022-04-11 20:34:56Z INFO HostContext] Well known directory 'Root': '/Users/Gertjan/Projects/openapi/ChartChampions/trade-dashboard/actions-runner'
[2022-04-11 20:34:56Z INFO HostContext] Well known config file 'RSACredentials': '/Users/Gertjan/Projects/openapi/ChartChampions/trade-dashboard/actions-runner/.credentials_rsaparams'
[2022-04-11 20:34:56Z INFO RSAFileKeyManager] Creating new RSA key using 2048-bit key length
[2022-04-11 20:34:56Z INFO RSAFileKeyManager] Successfully saved RSA key parameters to file /Users/Gertjan/Projects/openapi/ChartChampions/trade-dashboard/actions-runner/.credentials_rsaparams
[2022-04-11 20:34:56Z INFO RSAFileKeyManager] Which: 'chmod'
[2022-04-11 20:34:56Z INFO RSAFileKeyManager] Location: '/bin/chmod'
[2022-04-11 20:34:56Z INFO HostContext] Well known directory 'Bin': '/Users/Gertjan/Projects/openapi/ChartChampions/trade-dashboard/actions-runner/bin'
[2022-04-11 20:34:56Z INFO HostContext] Well known directory 'Root': '/Users/Gertjan/Projects/openapi/ChartChampions/trade-dashboard/actions-runner'
[2022-04-11 20:34:56Z INFO ProcessInvokerWrapper] Starting process:
[2022-04-11 20:34:56Z INFO ProcessInvokerWrapper]   File name: '/bin/chmod'
[2022-04-11 20:34:56Z INFO ProcessInvokerWrapper]   Arguments: '600 /Users/Gertjan/Projects/openapi/ChartChampions/trade-dashboard/actions-runner/.credentials_rsaparams'
[2022-04-11 20:34:56Z INFO ProcessInvokerWrapper]   Working directory: '/Users/Gertjan/Projects/openapi/ChartChampions/trade-dashboard/actions-runner'
[2022-04-11 20:34:56Z INFO ProcessInvokerWrapper]   Require exit code zero: 'False'
[2022-04-11 20:34:56Z INFO ProcessInvokerWrapper]   Encoding web name:  ; code page: ''
[2022-04-11 20:34:56Z INFO ProcessInvokerWrapper]   Force kill process on cancellation: 'False'
[2022-04-11 20:34:56Z INFO ProcessInvokerWrapper]   Redirected STDIN: 'False'
[2022-04-11 20:34:56Z INFO ProcessInvokerWrapper]   Persist current code page: 'False'
[2022-04-11 20:34:56Z INFO ProcessInvokerWrapper]   Keep redirected STDIN open: 'False'
[2022-04-11 20:34:56Z INFO ProcessInvokerWrapper]   High priority process: 'False'
[2022-04-11 20:34:56Z INFO ProcessInvokerWrapper] Process started with process id 11543, waiting for process exit.
[2022-04-11 20:34:56Z INFO ProcessInvokerWrapper] STDOUT/STDERR stream read finished.
[2022-04-11 20:34:56Z INFO ProcessInvokerWrapper] STDOUT/STDERR stream read finished.
[2022-04-11 20:34:56Z INFO ProcessInvokerWrapper] Finished process 11543 with exit code 0, and elapsed time 00:00:00.0165443.
[2022-04-11 20:34:56Z INFO RSAFileKeyManager] Successfully set permissions for RSA key parameters file /Users/Gertjan/Projects/openapi/ChartChampions/trade-dashboard/actions-runner/.credentials_rsaparams
[2022-04-11 20:34:57Z INFO CommandSettings] Arg 'runnergroup': ''
[2022-04-11 20:34:57Z INFO CommandSettings] Flag 'unattended': 'False'
[2022-04-11 20:34:57Z INFO PromptManager] ReadValue
[2022-04-11 20:34:57Z INFO Terminal] WRITE: Enter the name of the runner group to add this runner to: 
[2022-04-11 20:34:57Z INFO Terminal] WRITE: [press Enter for Default] 
[2022-04-11 20:34:57Z INFO Terminal] READ LINE
[2022-04-11 20:35:04Z INFO Terminal] Read value: ''
[2022-04-11 20:35:04Z INFO PromptManager] Falling back to the default: 'Default'
[2022-04-11 20:35:04Z INFO Terminal] WRITE LINE: 
[2022-04-11 20:35:04Z INFO ConfigurationManager] Found a self-hosted runner group with id 1 and name Default
[2022-04-11 20:35:04Z INFO CommandSettings] Flag 'disableupdate': 'False'
[2022-04-11 20:35:04Z INFO CommandSettings] Flag 'ephemeral': 'False'
[2022-04-11 20:35:04Z INFO CommandSettings] Arg 'name': ''
[2022-04-11 20:35:04Z INFO CommandSettings] Flag 'unattended': 'False'
[2022-04-11 20:35:04Z INFO PromptManager] ReadValue
[2022-04-11 20:35:04Z INFO Terminal] WRITE: Enter the name of runner: 
[2022-04-11 20:35:04Z INFO Terminal] WRITE: [press Enter for MacBookPro] 
[2022-04-11 20:35:04Z INFO Terminal] READ LINE
[2022-04-11 20:35:07Z INFO Terminal] Read value: ''
[2022-04-11 20:35:07Z INFO PromptManager] Falling back to the default: 'MacBookPro'
[2022-04-11 20:35:07Z INFO Terminal] WRITE LINE: 
[2022-04-11 20:35:07Z INFO CommandSettings] Arg 'labels': ''
[2022-04-11 20:35:07Z INFO CommandSettings] Flag 'unattended': 'False'
[2022-04-11 20:35:07Z INFO PromptManager] ReadValue
[2022-04-11 20:35:07Z INFO Terminal] WRITE: This runner will have the following labels: 'self-hosted', 'macOS', 'X64' 
Enter any additional labels (ex. label-1,label-2): 
[2022-04-11 20:35:07Z INFO Terminal] WRITE: [press Enter to skip] 
[2022-04-11 20:35:07Z INFO Terminal] READ LINE
[2022-04-11 20:35:14Z INFO Terminal] Read value: ''
[2022-04-11 20:35:14Z INFO Terminal] WRITE LINE: 
[2022-04-11 20:35:14Z INFO CommandSettings] Flag 'disableupdate': 'False'
[2022-04-11 20:35:14Z INFO CommandSettings] Flag 'disableupdate': 'False'
[2022-04-11 20:35:14Z INFO CommandSettings] Flag 'ephemeral': 'False'
[2022-04-11 20:35:14Z INFO ConfigurationStore] Saving OAuth credential @ /Users/Gertjan/Projects/openapi/ChartChampions/trade-dashboard/actions-runner/.credentials
[2022-04-11 20:35:14Z INFO ConfigurationStore] Credentials Saved.
[2022-04-11 20:35:14Z INFO ConfigurationStore] HasCredentials()
[2022-04-11 20:35:14Z INFO ConfigurationStore] stored True
[2022-04-11 20:35:14Z INFO CredentialManager] GetCredentialProvider
[2022-04-11 20:35:14Z INFO CredentialManager] Creating type OAuth
[2022-04-11 20:35:14Z INFO CredentialManager] Creating credential type: OAuth
[2022-04-11 20:35:14Z INFO RSAFileKeyManager] Loading RSA key parameters from file /Users/Gertjan/Projects/openapi/ChartChampions/trade-dashboard/actions-runner/.credentials_rsaparams
[2022-04-11 20:35:14Z INFO RunnerServer] Establish connection with 100 seconds timeout.
[2022-04-11 20:35:14Z INFO GitHubActionsService] Starting operation Location.GetConnectionData
[2022-04-11 20:35:14Z INFO RunnerServer] Establish connection with 60 seconds timeout.
[2022-04-11 20:35:14Z INFO GitHubActionsService] Starting operation Location.GetConnectionData
[2022-04-11 20:35:14Z INFO RunnerServer] Establish connection with 60 seconds timeout.
[2022-04-11 20:35:14Z INFO GitHubActionsService] Starting operation Location.GetConnectionData
[2022-04-11 20:35:15Z INFO GitHubActionsService] Finished operation Location.GetConnectionData
[2022-04-11 20:35:15Z INFO GitHubActionsService] Finished operation Location.GetConnectionData
[2022-04-11 20:35:15Z INFO GitHubActionsService] Finished operation Location.GetConnectionData
[2022-04-11 20:35:15Z WARN GitHubActionsService] Authentication failed with status code 401.
Transfer-Encoding: chunked
WWW-Authenticate: Bearer
Strict-Transport-Security: max-age=2592000
X-TFS-ProcessId: 80cd3035-0fdb-405f-a3ae-4348117513a5
ActivityId: 6beabc97-7689-4cda-ac00-ae146dc9ef49
X-TFS-Session: 5e1a94ba-5d2f-4684-a5ea-556df27bafb7
X-VSS-E2EID: 05c6efd4-dc94-43f1-9bba-500f732c2449
X-VSS-SenderDeploymentId: 6be79bb9-f6f7-24a7-0b27-e718f2ab4200
X-TFS-ServiceError: The+user+%27System%3aPublicAccess%3baaaaaaaa-aaaa-aaaa-aaaa-aaaaaaaaaaaa%27+is+not+authorized+to+access+this+resource.
X-VSS-S2STargetService: 0000005A-0000-8888-8000-000000000000/visualstudio.com
X-Cache: CONFIG_NOCACHE
X-MSEdge-Ref: Ref A: 7AD8BF54F1D045E59B0206DF6E485A8F Ref B: AMS04EDGE1605 Ref C: 2022-04-11T20:35:17Z
Date: Mon, 11 Apr 2022 20:35:16 GMT

[2022-04-11 20:35:15Z INFO RSAFileKeyManager] Loading RSA key parameters from file /Users/Gertjan/Projects/openapi/ChartChampions/trade-dashboard/actions-runner/.credentials_rsaparams
[2022-04-11 20:35:15Z INFO RSAFileKeyManager] Loading RSA key parameters from file /Users/Gertjan/Projects/openapi/ChartChampions/trade-dashboard/actions-runner/.credentials_rsaparams
[2022-04-11 20:35:15Z INFO GitHubActionsService] AAD Correlation ID for this token request: Unknown
[2022-04-11 20:35:16Z INFO CommandSettings] Arg 'work': ''
[2022-04-11 20:35:16Z INFO CommandSettings] Flag 'unattended': 'False'
[2022-04-11 20:35:16Z INFO PromptManager] ReadValue
[2022-04-11 20:35:16Z INFO Terminal] WRITE: Enter name of work folder: 
[2022-04-11 20:35:16Z INFO Terminal] WRITE: [press Enter for _work] 
[2022-04-11 20:35:16Z INFO Terminal] READ LINE
[2022-04-11 20:35:21Z INFO Terminal] Read value: ''
[2022-04-11 20:35:21Z INFO PromptManager] Falling back to the default: '_work'
[2022-04-11 20:35:21Z INFO ConfigurationStore] Saving runner settings.
[2022-04-11 20:35:21Z INFO ConfigurationStore] Settings Saved.
[2022-04-11 20:35:21Z INFO Terminal] WRITE LINE: 
[2022-04-11 20:35:21Z INFO Terminal] WRITE LINE: 
[2022-04-11 20:35:21Z INFO OsxServiceControlManager] Service name 'actions.runner.Tom1dot618-trade-dashboard.MacBookPro' display name 'GitHub Actions Runner (Tom1dot618-trade-dashboard.MacBookPro)' will be used for service configuration.
[2022-04-11 20:35:21Z INFO HostContext] Well known directory 'Bin': '/Users/Gertjan/Projects/openapi/ChartChampions/trade-dashboard/actions-runner/bin'
[2022-04-11 20:35:21Z INFO HostContext] Well known directory 'Root': '/Users/Gertjan/Projects/openapi/ChartChampions/trade-dashboard/actions-runner'
[2022-04-11 20:35:21Z INFO HostContext] Well known directory 'Bin': '/Users/Gertjan/Projects/openapi/ChartChampions/trade-dashboard/actions-runner/bin'
[2022-04-11 20:35:21Z INFO HostContext] Well known directory 'Bin': '/Users/Gertjan/Projects/openapi/ChartChampions/trade-dashboard/actions-runner/bin'
[2022-04-11 20:35:21Z INFO HostContext] Well known directory 'Root': '/Users/Gertjan/Projects/openapi/ChartChampions/trade-dashboard/actions-runner'
[2022-04-11 20:35:21Z INFO UnixUtil] Which: 'chmod'
[2022-04-11 20:35:21Z INFO UnixUtil] Location: '/bin/chmod'
[2022-04-11 20:35:21Z INFO UnixUtil] Running /bin/chmod 755 "/Users/Gertjan/Projects/openapi/ChartChampions/trade-dashboard/actions-runner/svc.sh"
[2022-04-11 20:35:21Z INFO ProcessInvokerWrapper] Starting process:
[2022-04-11 20:35:21Z INFO ProcessInvokerWrapper]   File name: '/bin/chmod'
[2022-04-11 20:35:21Z INFO ProcessInvokerWrapper]   Arguments: '755 "/Users/Gertjan/Projects/openapi/ChartChampions/trade-dashboard/actions-runner/svc.sh"'
[2022-04-11 20:35:21Z INFO ProcessInvokerWrapper]   Working directory: '/Users/Gertjan/Projects/openapi/ChartChampions/trade-dashboard/actions-runner'
[2022-04-11 20:35:21Z INFO ProcessInvokerWrapper]   Require exit code zero: 'True'
[2022-04-11 20:35:21Z INFO ProcessInvokerWrapper]   Encoding web name:  ; code page: ''
[2022-04-11 20:35:21Z INFO ProcessInvokerWrapper]   Force kill process on cancellation: 'False'
[2022-04-11 20:35:21Z INFO ProcessInvokerWrapper]   Redirected STDIN: 'False'
[2022-04-11 20:35:21Z INFO ProcessInvokerWrapper]   Persist current code page: 'False'
[2022-04-11 20:35:21Z INFO ProcessInvokerWrapper]   Keep redirected STDIN open: 'False'
[2022-04-11 20:35:21Z INFO ProcessInvokerWrapper]   High priority process: 'False'
[2022-04-11 20:35:21Z INFO ProcessInvokerWrapper] Process started with process id 11572, waiting for process exit.
[2022-04-11 20:35:21Z INFO ProcessInvokerWrapper] STDOUT/STDERR stream read finished.
[2022-04-11 20:35:21Z INFO ProcessInvokerWrapper] STDOUT/STDERR stream read finished.
[2022-04-11 20:35:21Z INFO ProcessInvokerWrapper] Finished process 11572 with exit code 0, and elapsed time 00:00:00.0077885.
[2022-04-11 20:35:21Z INFO Listener] Runner execution has finished with return code 0
